CRITICAL - 2024-10-23 15:18:37 --> ArgumentCountError: Too few arguments to function App\Controllers\Accueil::afficher(), 0 passed in /home/2024DIFAL3/e22002182/public_html/V1/ci/system/CodeIgniter.php on line 941 and exactly 1 expected
in APPPATH/Controllers/Accueil.php on line 10.
 1 SYSTEMPATH/CodeIgniter.php(941): App\Controllers\Accueil->afficher()
 2 SYSTEMPATH/CodeIgniter.php(502): CodeIgniter\CodeIgniter->runController()
 3 SYSTEMPATH/CodeIgniter.php(361): CodeIgniter\CodeIgniter->handleRequest()
 4 FCPATH/index.php(79): CodeIgniter\CodeIgniter->run()
CRITICAL - 2024-10-23 15:18:58 --> ArgumentCountError: Too few arguments to function App\Controllers\Accueil::afficher(), 0 passed in /home/2024DIFAL3/e22002182/public_html/V1/ci/system/CodeIgniter.php on line 941 and exactly 1 expected
in APPPATH/Controllers/Accueil.php on line 10.
 1 SYSTEMPATH/CodeIgniter.php(941): App\Controllers\Accueil->afficher()
 2 SYSTEMPATH/CodeIgniter.php(502): CodeIgniter\CodeIgniter->runController()
 3 SYSTEMPATH/CodeIgniter.php(361): CodeIgniter\CodeIgniter->handleRequest()
 4 FCPATH/index.php(79): CodeIgniter\CodeIgniter->run()
CRITICAL - 2024-10-23 15:19:20 --> ArgumentCountError: Too few arguments to function App\Controllers\Accueil::afficher(), 0 passed in /home/2024DIFAL3/e22002182/public_html/V1/ci/system/CodeIgniter.php on line 941 and exactly 1 expected
in APPPATH/Controllers/Accueil.php on line 10.
 1 SYSTEMPATH/CodeIgniter.php(941): App\Controllers\Accueil->afficher()
 2 SYSTEMPATH/CodeIgniter.php(502): CodeIgniter\CodeIgniter->runController()
 3 SYSTEMPATH/CodeIgniter.php(361): CodeIgniter\CodeIgniter->handleRequest()
 4 FCPATH/index.php(79): CodeIgniter\CodeIgniter->run()
CRITICAL - 2024-10-23 15:19:21 --> ArgumentCountError: Too few arguments to function App\Controllers\Accueil::afficher(), 0 passed in /home/2024DIFAL3/e22002182/public_html/V1/ci/system/CodeIgniter.php on line 941 and exactly 1 expected
in APPPATH/Controllers/Accueil.php on line 10.
 1 SYSTEMPATH/CodeIgniter.php(941): App\Controllers\Accueil->afficher()
 2 SYSTEMPATH/CodeIgniter.php(502): CodeIgniter\CodeIgniter->runController()
 3 SYSTEMPATH/CodeIgniter.php(361): CodeIgniter\CodeIgniter->handleRequest()
 4 FCPATH/index.php(79): CodeIgniter\CodeIgniter->run()
CRITICAL - 2024-10-23 15:19:21 --> ArgumentCountError: Too few arguments to function App\Controllers\Accueil::afficher(), 0 passed in /home/2024DIFAL3/e22002182/public_html/V1/ci/system/CodeIgniter.php on line 941 and exactly 1 expected
in APPPATH/Controllers/Accueil.php on line 10.
 1 SYSTEMPATH/CodeIgniter.php(941): App\Controllers\Accueil->afficher()
 2 SYSTEMPATH/CodeIgniter.php(502): CodeIgniter\CodeIgniter->runController()
 3 SYSTEMPATH/CodeIgniter.php(361): CodeIgniter\CodeIgniter->handleRequest()
 4 FCPATH/index.php(79): CodeIgniter\CodeIgniter->run()
CRITICAL - 2024-10-23 15:20:47 --> ArgumentCountError: Too few arguments to function App\Controllers\Accueil::afficher(), 0 passed in /home/2024DIFAL3/e22002182/public_html/V1/ci/system/CodeIgniter.php on line 941 and exactly 1 expected
in APPPATH/Controllers/Accueil.php on line 10.
 1 SYSTEMPATH/CodeIgniter.php(941): App\Controllers\Accueil->afficher()
 2 SYSTEMPATH/CodeIgniter.php(502): CodeIgniter\CodeIgniter->runController()
 3 SYSTEMPATH/CodeIgniter.php(361): CodeIgniter\CodeIgniter->handleRequest()
 4 FCPATH/index.php(79): CodeIgniter\CodeIgniter->run()
CRITICAL - 2024-10-23 15:20:48 --> ArgumentCountError: Too few arguments to function App\Controllers\Accueil::afficher(), 0 passed in /home/2024DIFAL3/e22002182/public_html/V1/ci/system/CodeIgniter.php on line 941 and exactly 1 expected
in APPPATH/Controllers/Accueil.php on line 10.
 1 SYSTEMPATH/CodeIgniter.php(941): App\Controllers\Accueil->afficher()
 2 SYSTEMPATH/CodeIgniter.php(502): CodeIgniter\CodeIgniter->runController()
 3 SYSTEMPATH/CodeIgniter.php(361): CodeIgniter\CodeIgniter->handleRequest()
 4 FCPATH/index.php(79): CodeIgniter\CodeIgniter->run()
CRITICAL - 2024-10-23 15:20:59 --> ArgumentCountError: Too few arguments to function App\Controllers\Accueil::afficher(), 0 passed in /home/2024DIFAL3/e22002182/public_html/V1/ci/system/CodeIgniter.php on line 941 and exactly 1 expected
in APPPATH/Controllers/Accueil.php on line 10.
 1 SYSTEMPATH/CodeIgniter.php(941): App\Controllers\Accueil->afficher()
 2 SYSTEMPATH/CodeIgniter.php(502): CodeIgniter\CodeIgniter->runController()
 3 SYSTEMPATH/CodeIgniter.php(361): CodeIgniter\CodeIgniter->handleRequest()
 4 FCPATH/index.php(79): CodeIgniter\CodeIgniter->run()
CRITICAL - 2024-10-23 15:21:26 --> ArgumentCountError: Too few arguments to function App\Controllers\Accueil::afficher(), 0 passed in /home/2024DIFAL3/e22002182/public_html/V1/ci/system/CodeIgniter.php on line 941 and exactly 1 expected
in APPPATH/Controllers/Accueil.php on line 10.
 1 SYSTEMPATH/CodeIgniter.php(941): App\Controllers\Accueil->afficher()
 2 SYSTEMPATH/CodeIgniter.php(502): CodeIgniter\CodeIgniter->runController()
 3 SYSTEMPATH/CodeIgniter.php(361): CodeIgniter\CodeIgniter->handleRequest()
 4 FCPATH/index.php(79): CodeIgniter\CodeIgniter->run()
